<?xml version="1.0" encoding="UTF-8"?>
<!-- Generated by org.testng.reporters.JUnitReportReporter -->
<testsuite hostname="CS-KOL-1156" failures="0" tests="2" name="qa.com.testcases.LoginTest" time="47.037" errors="0" timestamp="2021-01-27T17:03:25 IST" skipped="0">
  <testcase classname="qa.com.testcases.LoginTest" name="verifyFreeCRMLogoTest" time="11.757"/>
  <system-out/>
  <testcase classname="qa.com.testcases.LoginTest" name="clickonLoginPageTest" time="35.280"/>
  <system-out/>
</testsuite> <!-- qa.com.testcases.LoginTest -->
