<?xml version="1.0" encoding="UTF-8"?>
<!-- Generated by org.testng.reporters.JUnitReportReporter -->
<testsuite hostname="CS-KOL-1156" failures="0" tests="7" name="qa.com.testcases.HomePageTest" time="12.991" errors="0" timestamp="2021-01-27T18:22:24 IST" skipped="0">
  <testcase classname="qa.com.testcases.HomePageTest" name="verifyHomePageTitleTest" time="3.027"/>
  <system-out/>
  <testcase classname="qa.com.testcases.HomePageTest" name="verifyCOGMentoLogoTest" time="3.176"/>
  <system-out/>
  <testcase classname="qa.com.testcases.HomePageTest" name="verifyUserdispalyTest" time="3.061"/>
  <system-out/>
  <testcase classname="qa.com.testcases.HomePageTest" name="verifyContactStreamTest" time="0.184"/>
  <system-out/>
  <testcase classname="qa.com.testcases.HomePageTest" name="verifyDealsTest" time="0.084"/>
  <system-out/>
  <testcase classname="qa.com.testcases.HomePageTest" name="verifyMenuItemsInHomePageTest" time="3.303"/>
  <system-out/>
  <testcase classname="qa.com.testcases.HomePageTest" name="clickonContactPageItemTest" time="0.156"/>
  <system-out/>
</testsuite> <!-- qa.com.testcases.HomePageTest -->
