<?xml version="1.0" encoding="UTF-8"?>
<!-- Generated by org.testng.reporters.JUnitReportReporter -->
<testsuite hostname="CS-KOL-1156" failures="0" tests="3" name="qa.com.testcases.ContactPageTest" time="96.954" errors="0" timestamp="2021-01-30T21:19:11 IST" skipped="0">
  <testcase classname="qa.com.testcases.ContactPageTest" name="enterDetailsTest" time="32.351"/>
  <system-out/>
  <testcase classname="qa.com.testcases.ContactPageTest" name="enterDetailsTest" time="31.947"/>
  <system-out/>
  <testcase classname="qa.com.testcases.ContactPageTest" name="enterDetailsTest" time="32.656"/>
  <system-out/>
</testsuite> <!-- qa.com.testcases.ContactPageTest -->
