<?xml version="1.0" encoding="UTF-8"?>
<!-- Generated by org.testng.reporters.JUnitReportReporter -->
<testsuite hostname="CS-KOL-1156" failures="0" tests="2" name="qa.com.testcases.TestCase1" time="0.101" errors="0" timestamp="17 Jan 2021 12:19:11 GMT" skipped="0">
  <testcase classname="qa.com.testcases.TestCase1" name="verifytitle" time="0.010"/>
  <testcase classname="qa.com.testcases.TestCase1" name="verifyGoogleSearch" time="0.091"/>
</testsuite> <!-- qa.com.testcases.TestCase1 -->
